# JRE version: OpenJDK Runtime Environment Microsoft-11369940 (21.0.7+6) (build 21.0.7+6-LTS)
# Java VM: OpenJDK 64-Bit Server VM Microsoft-11369940 (21.0.7+6-LTS, mixed mode, sharing, tiered, compressed oops, compressed class ptrs, g1 gc, windows-amd64)
GC Precious Log:
 CardTable entry size: 512
 Card Set container configuration: InlinePtr #cards 4 size 8 Array Of Cards #cards 16 size 48 Howl #buckets 8 coarsen threshold 3686 Howl Bitmap #cards 512 size 80 coarsen threshold 460 Card regions per heap region 1 cards per card region 4096
 CPUs: 8 total, 8 available
 Memory: 16242M
 Large Page Support: Disabled
 NUMA Support: Disabled
 Compressed Oops: Enabled (Zero based)
 Heap Region Size: 2M
 Heap Min Capacity: 8M
 Heap Initial Capacity: 254M
 Heap Max Capacity: 4062M
 Pre-touch: Disabled
 Parallel Workers: 8
 Concurrent Workers: 2
 Concurrent Refinement Workers: 8
 Periodic GC: Disabled
Heap:
 garbage-first heap   total 239616K, used 153451K [0x0000000702200000, 0x0000000800000000)
  region size 2048K, 12 young (24576K), 3 survivors (6144K)
 Metaspace       used 79376K, committed 79808K, reserved 1179648K
  class space    used 8311K, committed 8512K, reserved 1048576K
GC Heap History (20 events):
Event: 7.329 GC heap before
{Heap before GC invocations=12 (full 0):
 garbage-first heap   total 118784K, used 98228K [0x0000000702200000, 0x0000000800000000)
  region size 2048K, 18 young (36864K), 3 survivors (6144K)
 Metaspace       used 54719K, committed 55104K, reserved 1114112K
  class space    used 6281K, committed 6464K, reserved 1048576K
}
Event: 7.351 GC heap after
{Heap after GC invocations=13 (full 0):
 garbage-first heap   total 118784K, used 74646K [0x0000000702200000, 0x0000000800000000)
  region size 2048K, 3 young (6144K), 3 survivors (6144K)
 Metaspace       used 54719K, committed 55104K, reserved 1114112K
  class space    used 6281K, committed 6464K, reserved 1048576K
}
Event: 7.929 GC heap before
{Heap before GC invocations=14 (full 0):
 garbage-first heap   total 126976K, used 101270K [0x0000000702200000, 0x0000000800000000)
  region size 2048K, 16 young (32768K), 3 survivors (6144K)
 Metaspace       used 55562K, committed 55936K, reserved 1114112K
  class space    used 6376K, committed 6528K, reserved 1048576K
}
Event: 7.951 GC heap after
{Heap after GC invocations=15 (full 0):
 garbage-first heap   total 126976K, used 80546K [0x0000000702200000, 0x0000000800000000)
  region size 2048K, 2 young (4096K), 2 survivors (4096K)
 Metaspace       used 55562K, committed 55936K, reserved 1114112K
  class space    used 6376K, committed 6528K, reserved 1048576K
}
Event: 8.330 GC heap before
{Heap before GC invocations=15 (full 0):
 garbage-first heap   total 126976K, used 107170K [0x0000000702200000, 0x0000000800000000)
  region size 2048K, 15 young (30720K), 2 survivors (4096K)
 Metaspace       used 55848K, committed 56192K, reserved 1114112K
  class space    used 6390K, committed 6528K, reserved 1048576K
}
Event: 8.350 GC heap after
{Heap after GC invocations=16 (full 0):
 garbage-first heap   total 176128K, used 86007K [0x0000000702200000, 0x0000000800000000)
  region size 2048K, 2 young (4096K), 2 survivors (4096K)
 Metaspace       used 55848K, committed 56192K, reserved 1114112K
  class space    used 6390K, committed 6528K, reserved 1048576K
}
Event: 9.492 GC heap before
{Heap before GC invocations=16 (full 0):
 garbage-first heap   total 176128K, used 139255K [0x0000000702200000, 0x0000000800000000)
  region size 2048K, 28 young (57344K), 2 survivors (4096K)
 Metaspace       used 56529K, committed 56896K, reserved 1114112K
  class space    used 6413K, committed 6592K, reserved 1048576K
}
Event: 9.511 GC heap after
{Heap after GC invocations=17 (full 0):
 garbage-first heap   total 176128K, used 95580K [0x0000000702200000, 0x0000000800000000)
  region size 2048K, 4 young (8192K), 4 survivors (8192K)
 Metaspace       used 56529K, committed 56896K, reserved 1114112K
  class space    used 6413K, committed 6592K, reserved 1048576K
}
Event: 10.428 GC heap before
{Heap before GC invocations=18 (full 0):
 garbage-first heap   total 176128K, used 144732K [0x0000000702200000, 0x0000000800000000)
  region size 2048K, 28 young (57344K), 4 survivors (8192K)
 Metaspace       used 56899K, committed 57280K, reserved 1114112K
  class space    used 6417K, committed 6592K, reserved 1048576K
}
Event: 10.449 GC heap after
{Heap after GC invocations=19 (full 0):
 garbage-first heap   total 176128K, used 103117K [0x0000000702200000, 0x0000000800000000)
  region size 2048K, 4 young (8192K), 4 survivors (8192K)
 Metaspace       used 56899K, committed 57280K, reserved 1114112K
  class space    used 6417K, committed 6592K, reserved 1048576K
}
Event: 11.424 GC heap before
{Heap before GC invocations=19 (full 0):
 garbage-first heap   total 176128K, used 146125K [0x0000000702200000, 0x0000000800000000)
  region size 2048K, 26 young (53248K), 4 survivors (8192K)
 Metaspace       used 60225K, committed 60544K, reserved 1114112K
  class space    used 6676K, committed 6848K, reserved 1048576K
}
Event: 11.436 GC heap after
{Heap after GC invocations=20 (full 0):
 garbage-first heap   total 176128K, used 107973K [0x0000000702200000, 0x0000000800000000)
  region size 2048K, 3 young (6144K), 3 survivors (6144K)
 Metaspace       used 60225K, committed 60544K, reserved 1114112K
  class space    used 6676K, committed 6848K, reserved 1048576K
}
Event: 12.851 GC heap before
{Heap before GC invocations=20 (full 0):
 garbage-first heap   total 176128K, used 153029K [0x0000000702200000, 0x0000000800000000)
  region size 2048K, 25 young (51200K), 3 survivors (6144K)
 Metaspace       used 61424K, committed 61824K, reserved 1114112K
  class space    used 6728K, committed 6912K, reserved 1048576K
}
Event: 12.863 GC heap after
{Heap after GC invocations=21 (full 0):
 garbage-first heap   total 176128K, used 113527K [0x0000000702200000, 0x0000000800000000)
  region size 2048K, 3 young (6144K), 3 survivors (6144K)
 Metaspace       used 61424K, committed 61824K, reserved 1114112K
  class space    used 6728K, committed 6912K, reserved 1048576K
}
Event: 13.668 GC heap before
{Heap before GC invocations=22 (full 0):
 garbage-first heap   total 192512K, used 154487K [0x0000000702200000, 0x0000000800000000)
  region size 2048K, 23 young (47104K), 3 survivors (6144K)
 Metaspace       used 63704K, committed 64128K, reserved 1114112K
  class space    used 6913K, committed 7104K, reserved 1048576K
}
Event: 13.682 GC heap after
{Heap after GC invocations=23 (full 0):
 garbage-first heap   total 192512K, used 120491K [0x0000000702200000, 0x0000000800000000)
  region size 2048K, 3 young (6144K), 3 survivors (6144K)
 Metaspace       used 63704K, committed 64128K, reserved 1114112K
  class space    used 6913K, committed 7104K, reserved 1048576K
}
Event: 14.685 GC heap before
{Heap before GC invocations=23 (full 0):
 garbage-first heap   total 192512K, used 169643K [0x0000000702200000, 0x0000000800000000)
  region size 2048K, 27 young (55296K), 3 survivors (6144K)
 Metaspace       used 68453K, committed 68800K, reserved 1114112K
  class space    used 7280K, committed 7424K, reserved 1048576K
}
Event: 14.708 GC heap after
{Heap after GC invocations=24 (full 0):
 garbage-first heap   total 239616K, used 128387K [0x0000000702200000, 0x0000000800000000)
  region size 2048K, 4 young (8192K), 4 survivors (8192K)
 Metaspace       used 68453K, committed 68800K, reserved 1114112K
  class space    used 7280K, committed 7424K, reserved 1048576K
}
Event: 16.513 GC heap before
{Heap before GC invocations=24 (full 0):
 garbage-first heap   total 239616K, used 202115K [0x0000000702200000, 0x0000000800000000)
  region size 2048K, 40 young (81920K), 4 survivors (8192K)
 Metaspace       used 77385K, committed 77824K, reserved 1179648K
  class space    used 8138K, committed 8320K, reserved 1048576K
}
Event: 16.529 GC heap after
{Heap after GC invocations=25 (full 0):
 garbage-first heap   total 239616K, used 135019K [0x0000000702200000, 0x0000000800000000)
  region size 2048K, 3 young (6144K), 3 survivors (6144K)
 Metaspace       used 77385K, committed 77824K, reserved 1179648K
  class space    used 8138K, committed 8320K, reserved 1048576K
}

