# JRE version: OpenJDK Runtime Environment Microsoft-11369940 (21.0.7+6) (build 21.0.7+6-LTS)
# Java VM: OpenJDK 64-Bit Server VM Microsoft-11369940 (21.0.7+6-LTS, mixed mode, sharing, tiered, compressed oops, compressed class ptrs, g1 gc, windows-amd64)
GC Precious Log:
 CardTable entry size: 512
 Card Set container configuration: InlinePtr #cards 5 size 8 Array Of Cards #cards 12 size 40 Howl #buckets 4 coarsen threshold 1843 Howl Bitmap #cards 512 size 80 coarsen threshold 460 Card regions per heap region 1 cards per card region 2048
 CPUs: 8 total, 8 available
 Memory: 16242M
 Large Page Support: Disabled
 NUMA Support: Disabled
 Compressed Oops: Enabled (32-bit)
 Heap Region Size: 1M
 Heap Min Capacity: 8M
 Heap Initial Capacity: 254M
 Heap Max Capacity: 2G
 Pre-touch: Disabled
 Parallel Workers: 8
 Concurrent Workers: 2
 Concurrent Refinement Workers: 8
 Periodic GC: Disabled
Heap:
 garbage-first heap   total 263168K, used 219136K [0x0000000080000000, 0x0000000100000000)
  region size 1024K, 76 young (77824K), 11 survivors (11264K)
 Metaspace       used 114696K, committed 117184K, reserved 1179648K
  class space    used 15612K, committed 16896K, reserved 1048576K
GC Heap History (20 events):
Event: 822.856 GC heap before
{Heap before GC invocations=62 (full 0):
 garbage-first heap   total 199680K, used 180438K [0x0000000080000000, 0x0000000100000000)
  region size 1024K, 65 young (66560K), 7 survivors (7168K)
 Metaspace       used 107824K, committed 110144K, reserved 1179648K
  class space    used 14885K, committed 16064K, reserved 1048576K
}
Event: 822.863 GC heap after
{Heap after GC invocations=63 (full 0):
 garbage-first heap   total 199680K, used 125899K [0x0000000080000000, 0x0000000100000000)
  region size 1024K, 5 young (5120K), 5 survivors (5120K)
 Metaspace       used 107824K, committed 110144K, reserved 1179648K
  class space    used 14885K, committed 16064K, reserved 1048576K
}
Event: 823.805 GC heap before
{Heap before GC invocations=64 (full 0):
 garbage-first heap   total 211968K, used 182219K [0x0000000080000000, 0x0000000100000000)
  region size 1024K, 60 young (61440K), 5 survivors (5120K)
 Metaspace       used 108198K, committed 110528K, reserved 1179648K
  class space    used 14888K, committed 16064K, reserved 1048576K
}
Event: 823.819 GC heap after
{Heap after GC invocations=65 (full 0):
 garbage-first heap   total 211968K, used 133951K [0x0000000080000000, 0x0000000100000000)
  region size 1024K, 8 young (8192K), 8 survivors (8192K)
 Metaspace       used 108198K, committed 110528K, reserved 1179648K
  class space    used 14888K, committed 16064K, reserved 1048576K
}
Event: 825.158 GC heap before
{Heap before GC invocations=65 (full 0):
 garbage-first heap   total 211968K, used 191295K [0x0000000080000000, 0x0000000100000000)
  region size 1024K, 65 young (66560K), 8 survivors (8192K)
 Metaspace       used 110719K, committed 113152K, reserved 1179648K
  class space    used 15177K, committed 16448K, reserved 1048576K
}
Event: 825.171 GC heap after
{Heap after GC invocations=66 (full 0):
 garbage-first heap   total 211968K, used 138562K [0x0000000080000000, 0x0000000100000000)
  region size 1024K, 5 young (5120K), 5 survivors (5120K)
 Metaspace       used 110719K, committed 113152K, reserved 1179648K
  class space    used 15177K, committed 16448K, reserved 1048576K
}
Event: 847.753 GC heap before
{Heap before GC invocations=66 (full 0):
 garbage-first heap   total 211968K, used 193858K [0x0000000080000000, 0x0000000100000000)
  region size 1024K, 60 young (61440K), 5 survivors (5120K)
 Metaspace       used 113346K, committed 115840K, reserved 1179648K
  class space    used 15578K, committed 16832K, reserved 1048576K
}
Event: 847.761 GC heap after
{Heap after GC invocations=67 (full 0):
 garbage-first heap   total 211968K, used 141186K [0x0000000080000000, 0x0000000100000000)
  region size 1024K, 3 young (3072K), 3 survivors (3072K)
 Metaspace       used 113346K, committed 115840K, reserved 1179648K
  class space    used 15578K, committed 16832K, reserved 1048576K
}
Event: 863.149 GC heap before
{Heap before GC invocations=68 (full 0):
 garbage-first heap   total 237568K, used 193410K [0x0000000080000000, 0x0000000100000000)
  region size 1024K, 55 young (56320K), 3 survivors (3072K)
 Metaspace       used 113475K, committed 115968K, reserved 1179648K
  class space    used 15590K, committed 16832K, reserved 1048576K
}
Event: 863.157 GC heap after
{Heap after GC invocations=69 (full 0):
 garbage-first heap   total 237568K, used 144840K [0x0000000080000000, 0x0000000100000000)
  region size 1024K, 7 young (7168K), 7 survivors (7168K)
 Metaspace       used 113475K, committed 115968K, reserved 1179648K
  class space    used 15590K, committed 16832K, reserved 1048576K
}
Event: 863.885 GC heap before
{Heap before GC invocations=69 (full 0):
 garbage-first heap   total 237568K, used 214472K [0x0000000080000000, 0x0000000100000000)
  region size 1024K, 76 young (77824K), 7 survivors (7168K)
 Metaspace       used 113749K, committed 116288K, reserved 1179648K
  class space    used 15590K, committed 16832K, reserved 1048576K
}
Event: 863.912 GC heap after
{Heap after GC invocations=70 (full 0):
 garbage-first heap   total 245760K, used 143180K [0x0000000080000000, 0x0000000100000000)
  region size 1024K, 10 young (10240K), 10 survivors (10240K)
 Metaspace       used 113749K, committed 116288K, reserved 1179648K
  class space    used 15590K, committed 16832K, reserved 1048576K
}
Event: 876.548 GC heap before
{Heap before GC invocations=70 (full 0):
 garbage-first heap   total 245760K, used 221004K [0x0000000080000000, 0x0000000100000000)
  region size 1024K, 87 young (89088K), 10 survivors (10240K)
 Metaspace       used 113966K, committed 116416K, reserved 1179648K
  class space    used 15599K, committed 16832K, reserved 1048576K
}
Event: 876.558 GC heap after
{Heap after GC invocations=71 (full 0):
 garbage-first heap   total 245760K, used 149024K [0x0000000080000000, 0x0000000100000000)
  region size 1024K, 6 young (6144K), 6 survivors (6144K)
 Metaspace       used 113966K, committed 116416K, reserved 1179648K
  class space    used 15599K, committed 16832K, reserved 1048576K
}
Event: 877.100 GC heap before
{Heap before GC invocations=71 (full 0):
 garbage-first heap   total 245760K, used 222752K [0x0000000080000000, 0x0000000100000000)
  region size 1024K, 79 young (80896K), 6 survivors (6144K)
 Metaspace       used 114215K, committed 116736K, reserved 1179648K
  class space    used 15606K, committed 16896K, reserved 1048576K
}
Event: 877.112 GC heap after
{Heap after GC invocations=72 (full 0):
 garbage-first heap   total 245760K, used 158720K [0x0000000080000000, 0x0000000100000000)
  region size 1024K, 10 young (10240K), 10 survivors (10240K)
 Metaspace       used 114215K, committed 116736K, reserved 1179648K
  class space    used 15606K, committed 16896K, reserved 1048576K
}
Event: 945.081 GC heap before
{Heap before GC invocations=73 (full 0):
 garbage-first heap   total 263168K, used 219136K [0x0000000080000000, 0x0000000100000000)
  region size 1024K, 71 young (72704K), 10 survivors (10240K)
 Metaspace       used 114381K, committed 116928K, reserved 1179648K
  class space    used 15608K, committed 16896K, reserved 1048576K
}
Event: 945.093 GC heap after
{Heap after GC invocations=74 (full 0):
 garbage-first heap   total 263168K, used 161792K [0x0000000080000000, 0x0000000100000000)
  region size 1024K, 4 young (4096K), 4 survivors (4096K)
 Metaspace       used 114381K, committed 116928K, reserved 1179648K
  class space    used 15608K, committed 16896K, reserved 1048576K
}
Event: 945.589 GC heap before
{Heap before GC invocations=74 (full 0):
 garbage-first heap   total 263168K, used 240640K [0x0000000080000000, 0x0000000100000000)
  region size 1024K, 81 young (82944K), 4 survivors (4096K)
 Metaspace       used 114586K, committed 117120K, reserved 1179648K
  class space    used 15612K, committed 16896K, reserved 1048576K
}
Event: 945.603 GC heap after
{Heap after GC invocations=75 (full 0):
 garbage-first heap   total 263168K, used 154624K [0x0000000080000000, 0x0000000100000000)
  region size 1024K, 11 young (11264K), 11 survivors (11264K)
 Metaspace       used 114586K, committed 117120K, reserved 1179648K
  class space    used 15612K, committed 16896K, reserved 1048576K
}

