# JRE version: OpenJDK Runtime Environment Microsoft-11369940 (21.0.7+6) (build 21.0.7+6-LTS)
# Java VM: OpenJDK 64-Bit Server VM Microsoft-11369940 (21.0.7+6-LTS, mixed mode, sharing, tiered, compressed oops, compressed class ptrs, g1 gc, windows-amd64)
GC Precious Log:
 CardTable entry size: 512
 Card Set container configuration: InlinePtr #cards 5 size 8 Array Of Cards #cards 12 size 40 Howl #buckets 4 coarsen threshold 1843 Howl Bitmap #cards 512 size 80 coarsen threshold 460 Card regions per heap region 1 cards per card region 2048
 CPUs: 8 total, 8 available
 Memory: 16242M
 Large Page Support: Disabled
 NUMA Support: Disabled
 Compressed Oops: Enabled (32-bit)
 Heap Region Size: 1M
 Heap Min Capacity: 8M
 Heap Initial Capacity: 254M
 Heap Max Capacity: 2G
 Pre-touch: Disabled
 Parallel Workers: 8
 Concurrent Workers: 2
 Concurrent Refinement Workers: 8
 Periodic GC: Disabled
Heap:
 garbage-first heap   total 179200K, used 150535K [0x0000000080000000, 0x0000000100000000)
  region size 1024K, 50 young (51200K), 7 survivors (7168K)
 Metaspace       used 99906K, committed 102208K, reserved 1179648K
  class space    used 13993K, committed 15168K, reserved 1048576K
GC Heap History (20 events):
Event: 12.614 GC heap before
{Heap before GC invocations=33 (full 0):
 garbage-first heap   total 137216K, used 122823K [0x0000000080000000, 0x0000000100000000)
  region size 1024K, 45 young (46080K), 4 survivors (4096K)
 Metaspace       used 77901K, committed 79936K, reserved 1179648K
  class space    used 10752K, committed 11776K, reserved 1048576K
}
Event: 12.620 GC heap after
{Heap after GC invocations=34 (full 0):
 garbage-first heap   total 137216K, used 85383K [0x0000000080000000, 0x0000000100000000)
  region size 1024K, 6 young (6144K), 6 survivors (6144K)
 Metaspace       used 77901K, committed 79936K, reserved 1179648K
  class space    used 10752K, committed 11776K, reserved 1048576K
}
Event: 12.941 GC heap before
{Heap before GC invocations=34 (full 0):
 garbage-first heap   total 137216K, used 122247K [0x0000000080000000, 0x0000000100000000)
  region size 1024K, 42 young (43008K), 6 survivors (6144K)
 Metaspace       used 79192K, committed 81216K, reserved 1179648K
  class space    used 10908K, committed 11968K, reserved 1048576K
}
Event: 12.949 GC heap after
{Heap after GC invocations=35 (full 0):
 garbage-first heap   total 164864K, used 88159K [0x0000000080000000, 0x0000000100000000)
  region size 1024K, 5 young (5120K), 5 survivors (5120K)
 Metaspace       used 79192K, committed 81216K, reserved 1179648K
  class space    used 10908K, committed 11968K, reserved 1048576K
}
Event: 13.635 GC heap before
{Heap before GC invocations=35 (full 0):
 garbage-first heap   total 164864K, used 143455K [0x0000000080000000, 0x0000000100000000)
  region size 1024K, 58 young (59392K), 5 survivors (5120K)
 Metaspace       used 83193K, committed 85312K, reserved 1179648K
  class space    used 11535K, committed 12608K, reserved 1048576K
}
Event: 13.639 GC heap after
{Heap after GC invocations=36 (full 0):
 garbage-first heap   total 164864K, used 89738K [0x0000000080000000, 0x0000000100000000)
  region size 1024K, 6 young (6144K), 6 survivors (6144K)
 Metaspace       used 83193K, committed 85312K, reserved 1179648K
  class space    used 11535K, committed 12608K, reserved 1048576K
}
Event: 14.387 GC heap before
{Heap before GC invocations=36 (full 0):
 garbage-first heap   total 164864K, used 146058K [0x0000000080000000, 0x0000000100000000)
  region size 1024K, 61 young (62464K), 6 survivors (6144K)
 Metaspace       used 87186K, committed 89408K, reserved 1179648K
  class space    used 12152K, committed 13248K, reserved 1048576K
}
Event: 14.392 GC heap after
{Heap after GC invocations=37 (full 0):
 garbage-first heap   total 164864K, used 92473K [0x0000000080000000, 0x0000000100000000)
  region size 1024K, 5 young (5120K), 5 survivors (5120K)
 Metaspace       used 87186K, committed 89408K, reserved 1179648K
  class space    used 12152K, committed 13248K, reserved 1048576K
}
Event: 15.055 GC heap before
{Heap before GC invocations=37 (full 0):
 garbage-first heap   total 164864K, used 147769K [0x0000000080000000, 0x0000000100000000)
  region size 1024K, 59 young (60416K), 5 survivors (5120K)
 Metaspace       used 90994K, committed 93248K, reserved 1179648K
  class space    used 12701K, committed 13824K, reserved 1048576K
}
Event: 15.063 GC heap after
{Heap after GC invocations=38 (full 0):
 garbage-first heap   total 164864K, used 95730K [0x0000000080000000, 0x0000000100000000)
  region size 1024K, 7 young (7168K), 7 survivors (7168K)
 Metaspace       used 90994K, committed 93248K, reserved 1179648K
  class space    used 12701K, committed 13824K, reserved 1048576K
}
Event: 15.849 GC heap before
{Heap before GC invocations=39 (full 0):
 garbage-first heap   total 164864K, used 146930K [0x0000000080000000, 0x0000000100000000)
  region size 1024K, 57 young (58368K), 7 survivors (7168K)
 Metaspace       used 95357K, committed 97600K, reserved 1179648K
  class space    used 13335K, committed 14464K, reserved 1048576K
}
Event: 15.858 GC heap after
{Heap after GC invocations=40 (full 0):
 garbage-first heap   total 164864K, used 98019K [0x0000000080000000, 0x0000000100000000)
  region size 1024K, 6 young (6144K), 6 survivors (6144K)
 Metaspace       used 95357K, committed 97600K, reserved 1179648K
  class space    used 13335K, committed 14464K, reserved 1048576K
}
Event: 16.741 GC heap before
{Heap before GC invocations=40 (full 0):
 garbage-first heap   total 164864K, used 148195K [0x0000000080000000, 0x0000000100000000)
  region size 1024K, 55 young (56320K), 6 survivors (6144K)
 Metaspace       used 98656K, committed 100992K, reserved 1179648K
  class space    used 13849K, committed 15040K, reserved 1048576K
}
Event: 16.749 GC heap after
{Heap after GC invocations=41 (full 0):
 garbage-first heap   total 164864K, used 99876K [0x0000000080000000, 0x0000000100000000)
  region size 1024K, 7 young (7168K), 7 survivors (7168K)
 Metaspace       used 98656K, committed 100992K, reserved 1179648K
  class space    used 13849K, committed 15040K, reserved 1048576K
}
Event: 17.208 GC heap before
{Heap before GC invocations=41 (full 0):
 garbage-first heap   total 164864K, used 146980K [0x0000000080000000, 0x0000000100000000)
  region size 1024K, 54 young (55296K), 7 survivors (7168K)
 Metaspace       used 99278K, committed 101568K, reserved 1179648K
  class space    used 13886K, committed 15040K, reserved 1048576K
}
Event: 17.219 GC heap after
{Heap after GC invocations=42 (full 0):
 garbage-first heap   total 164864K, used 106960K [0x0000000080000000, 0x0000000100000000)
  region size 1024K, 7 young (7168K), 7 survivors (7168K)
 Metaspace       used 99278K, committed 101568K, reserved 1179648K
  class space    used 13886K, committed 15040K, reserved 1048576K
}
Event: 17.481 GC heap before
{Heap before GC invocations=43 (full 0):
 garbage-first heap   total 179200K, used 146896K [0x0000000080000000, 0x0000000100000000)
  region size 1024K, 46 young (47104K), 7 survivors (7168K)
 Metaspace       used 99286K, committed 101568K, reserved 1179648K
  class space    used 13886K, committed 15040K, reserved 1048576K
}
Event: 17.489 GC heap after
{Heap after GC invocations=44 (full 0):
 garbage-first heap   total 179200K, used 108332K [0x0000000080000000, 0x0000000100000000)
  region size 1024K, 4 young (4096K), 4 survivors (4096K)
 Metaspace       used 99286K, committed 101568K, reserved 1179648K
  class space    used 13886K, committed 15040K, reserved 1048576K
}
Event: 18.372 GC heap before
{Heap before GC invocations=44 (full 0):
 garbage-first heap   total 179200K, used 161580K [0x0000000080000000, 0x0000000100000000)
  region size 1024K, 57 young (58368K), 4 survivors (4096K)
 Metaspace       used 99808K, committed 102144K, reserved 1179648K
  class space    used 13982K, committed 15168K, reserved 1048576K
}
Event: 18.384 GC heap after
{Heap after GC invocations=45 (full 0):
 garbage-first heap   total 179200K, used 108551K [0x0000000080000000, 0x0000000100000000)
  region size 1024K, 7 young (7168K), 7 survivors (7168K)
 Metaspace       used 99808K, committed 102144K, reserved 1179648K
  class space    used 13982K, committed 15168K, reserved 1048576K
}

